2019-04-24 00:35:01 -> Found input data file! Reading...
2019-04-24 00:35:06 -> Starting Automatic Running Tool.
2019-04-24 00:35:06 -> The system consists of the following domains:
2019-04-24 00:35:06 -> MARPOCS_Marrocos_level1
2019-04-24 00:35:06 -> MARPOCS_Marrocos_level2
2019-04-24 00:35:06 -> MARPOCS_Marrocos_level3
2019-04-24 00:35:06 -> ----------------------------------------------------
2019-04-24 00:35:06 -> ------------STARTING FORECAST (1 of 2 )-------------
2019-04-24 00:35:06 -> Forecast initial date : 2019-04-24
2019-04-24 00:35:06 -> Forecast final date : 2019-04-25
2019-04-24 00:35:06 -> PreProcessor Tool: ConvertToHDF5Patch
2019-04-24 00:35:06 -> Writing trigger file...
2019-04-24 00:35:06 -> Executing Tool: ConvertToHDF5Patch...
2019-04-24 00:35:36 -> Done!
2019-04-24 00:35:36 -> Writing trigger file...
2019-04-24 00:35:36 -> PreProcessor Tool: ConvertToHDF5Patch successfully executed
2019-04-24 00:35:36 -> PreProcessor Tool: ConvertToHDF5_500m
2019-04-24 00:35:36 -> Writing trigger file...
2019-04-24 00:35:36 -> Executing Tool: ConvertToHDF5_500m...
2019-04-24 00:35:45 -> Done!
2019-04-24 00:35:45 -> Writing trigger file...
2019-04-24 00:35:45 -> PreProcessor Tool: ConvertToHDF5_500m successfully executed
2019-04-24 00:35:45 -> PreProcessor Tool: GFS2Me
2019-04-24 00:35:45 -> Writing trigger file...
2019-04-24 00:35:45 -> Executing Tool: GFS2Me...
2019-04-24 00:40:24 -> Done!
2019-04-24 00:40:24 -> Writing trigger file...
2019-04-24 00:40:24 -> PreProcessor Tool: GFS2Me successfully executed
2019-04-24 00:40:24 -> Writing trigger file...
2019-04-24 00:40:24 -> Gathering boundary conditions files...
2019-04-24 00:40:24 -> Writing new dates on Model.dat input data file for todays forecast...
2019-04-24 00:40:24 -> Gathering the restart files for each model domain...
2019-04-24 00:40:24 -> Writing trigger file...
2019-04-24 00:40:24 -> Executing MOHID...
2019-04-24 01:35:29 -> Done!
2019-04-24 01:35:29 -> Executing DomainDecompositionConsolidation.exe...
2019-04-24 01:35:29 -> Done!
2019-04-24 01:35:29 -> Backing up restart files from model MARPOCS_Marrocos_level2...
2019-04-24 01:35:29 -> Storing restart files from model MARPOCS_Marrocos_level2...
2019-04-24 01:35:29 -> Backing up restart files from model MARPOCS_Marrocos_level3...
2019-04-24 01:35:29 -> Storing restart files from model MARPOCS_Marrocos_level3...
2019-04-24 01:35:29 -> Backing up HDF results files from model MARPOCS_Marrocos_level1...
2019-04-24 01:35:29 -> Could not copy (backup) HDF file - MARPOCS_Marrocos_level1
2019-04-24 01:35:29 -> Could not copy (backup) HDF file - MARPOCS_Marrocos_level1
2019-04-24 01:35:29 -> Backing up HDF results files from model MARPOCS_Marrocos_level2...
2019-04-24 01:35:30 -> Storing HDF results files from model MARPOCS_Marrocos_level2...
2019-04-24 01:35:30 -> Backing up HDF results files from model MARPOCS_Marrocos_level3...
2019-04-24 01:35:30 -> Storing HDF results files from model MARPOCS_Marrocos_level3...
2019-04-24 01:35:31 -> Backing up time series results files from model MARPOCS_Marrocos_level1...
2019-04-24 01:35:31 -> Backing up time series results files from model MARPOCS_Marrocos_level2...
2019-04-24 01:35:31 -> Storing time series results files from model MARPOCS_Marrocos_level2...
2019-04-24 01:35:31 -> Backing up time series results files from model MARPOCS_Marrocos_level3...
2019-04-24 01:35:31 -> Storing time series results files from model MARPOCS_Marrocos_level3...
2019-04-24 01:35:31 -> Writing trigger file...
2019-04-24 01:35:31 -> PostProcessor Tool: UpdateFTP
2019-04-24 01:35:31 -> Writing trigger file...
2019-04-24 01:35:31 -> Executing Tool: UpdateFTP...
2019-04-24 01:35:31 -> Done!
2019-04-24 01:35:31 -> Writing trigger file...
2019-04-24 01:35:31 -> Done!
2019-04-24 01:35:31 -> PostProcessor Tool: UpdateFTP successfully executed
2019-04-24 01:35:31 -> PostProcessor Tool: UpdateFTP_500m
2019-04-24 01:35:31 -> Writing trigger file...
2019-04-24 01:35:31 -> Executing Tool: UpdateFTP_500m...
2019-04-24 01:35:31 -> Done!
2019-04-24 01:35:31 -> Writing trigger file...
2019-04-24 01:35:31 -> Done!
2019-04-24 01:35:31 -> PostProcessor Tool: UpdateFTP_500m successfully executed
2019-04-24 01:35:31 -> ----------SUCCESSFULL FORECAST (1 of 2)!-------------
2019-04-24 01:35:32 -> ----------------------------------------------------
2019-04-24 01:35:32 -> ------------STARTING FORECAST (2 of 2 )-------------
2019-04-24 01:35:32 -> Forecast initial date : 2019-04-25
2019-04-24 01:35:32 -> Forecast final date : 2019-04-26
2019-04-24 01:35:32 -> PreProcessor Tool: ConvertToHDF5Patch
2019-04-24 01:35:32 -> Writing trigger file...
2019-04-24 01:35:32 -> Executing Tool: ConvertToHDF5Patch...
2019-04-24 01:36:05 -> Done!
2019-04-24 01:36:05 -> Writing trigger file...
2019-04-24 01:36:05 -> PreProcessor Tool: ConvertToHDF5Patch successfully executed
2019-04-24 01:36:05 -> PreProcessor Tool: ConvertToHDF5_500m
2019-04-24 01:36:05 -> Writing trigger file...
2019-04-24 01:36:05 -> Executing Tool: ConvertToHDF5_500m...
2019-04-24 01:36:13 -> Done!
2019-04-24 01:36:13 -> Writing trigger file...
2019-04-24 01:36:13 -> PreProcessor Tool: ConvertToHDF5_500m successfully executed
2019-04-24 01:36:13 -> PreProcessor Tool: GFS2Me
2019-04-24 01:36:13 -> Writing trigger file...
2019-04-24 01:36:13 -> Executing Tool: GFS2Me...
2019-04-24 01:40:49 -> Done!
2019-04-24 01:40:49 -> Writing trigger file...
2019-04-24 01:40:49 -> PreProcessor Tool: GFS2Me successfully executed
2019-04-24 01:40:49 -> Writing trigger file...
2019-04-24 01:40:49 -> Gathering boundary conditions files...
2019-04-24 01:40:49 -> Writing new dates on Model.dat input data file for todays forecast...
2019-04-24 01:40:49 -> Gathering the restart files for each model domain...
2019-04-24 01:40:49 -> Writing trigger file...
2019-04-24 01:40:49 -> Executing MOHID...
2019-04-24 02:31:28 -> Done!
2019-04-24 02:31:28 -> Executing DomainDecompositionConsolidation.exe...
2019-04-24 02:31:28 -> Done!
2019-04-24 02:31:28 -> Backing up restart files from model MARPOCS_Marrocos_level2...
2019-04-24 02:31:28 -> Storing restart files from model MARPOCS_Marrocos_level2...
2019-04-24 02:31:28 -> Backing up restart files from model MARPOCS_Marrocos_level3...
2019-04-24 02:31:28 -> Storing restart files from model MARPOCS_Marrocos_level3...
2019-04-24 02:31:28 -> Backing up HDF results files from model MARPOCS_Marrocos_level1...
2019-04-24 02:31:28 -> Could not copy (backup) HDF file - MARPOCS_Marrocos_level1
2019-04-24 02:31:28 -> Could not copy (backup) HDF file - MARPOCS_Marrocos_level1
2019-04-24 02:31:28 -> Backing up HDF results files from model MARPOCS_Marrocos_level2...
2019-04-24 02:31:28 -> Storing HDF results files from model MARPOCS_Marrocos_level2...
2019-04-24 02:31:28 -> Backing up HDF results files from model MARPOCS_Marrocos_level3...
2019-04-24 02:31:28 -> Storing HDF results files from model MARPOCS_Marrocos_level3...
2019-04-24 02:31:29 -> Backing up time series results files from model MARPOCS_Marrocos_level1...
2019-04-24 02:31:29 -> Backing up time series results files from model MARPOCS_Marrocos_level2...
2019-04-24 02:31:29 -> Storing time series results files from model MARPOCS_Marrocos_level2...
2019-04-24 02:31:29 -> Backing up time series results files from model MARPOCS_Marrocos_level3...
2019-04-24 02:31:29 -> Storing time series results files from model MARPOCS_Marrocos_level3...
2019-04-24 02:31:29 -> Writing trigger file...
2019-04-24 02:31:29 -> PostProcessor Tool: UpdateFTP
2019-04-24 02:31:29 -> Writing trigger file...
2019-04-24 02:31:29 -> Executing Tool: UpdateFTP...
2019-04-24 02:31:29 -> Done!
2019-04-24 02:31:29 -> Writing trigger file...
2019-04-24 02:31:29 -> Done!
2019-04-24 02:31:29 -> PostProcessor Tool: UpdateFTP successfully executed
2019-04-24 02:31:29 -> PostProcessor Tool: UpdateFTP_500m
2019-04-24 02:31:29 -> Writing trigger file...
2019-04-24 02:31:29 -> Executing Tool: UpdateFTP_500m...
2019-04-24 02:31:30 -> Done!
2019-04-24 02:31:30 -> Writing trigger file...
2019-04-24 02:31:30 -> Done!
2019-04-24 02:31:30 -> PostProcessor Tool: UpdateFTP_500m successfully executed
2019-04-24 02:31:30 -> ----------SUCCESSFULL FORECAST (2 of 2)!-------------
2019-04-24 02:31:30 -> Successfull Automatic Running Tool execution.
